{
  message: 'ðŸ›¢ï¸ Database is connected successfully',
  level: 'info',
  service: 'user-service',
  label: 'Tanvir',
  timestamp: '2023-06-07T09:30:46.265Z'
}
{
  message: 'Application listening on port 5000',
  level: 'info',
  service: 'user-service',
  label: 'Tanvir',
  timestamp: '2023-06-07T09:30:46.286Z'
}
{
  message: 'ðŸ›¢ï¸ Database is connected successfully',
  level: 'info',
  service: 'user-service',
  label: 'Tanvir',
  timestamp: '2023-06-07T09:37:30.511Z'
}
{
  message: 'Application listening on port 5000',
  level: 'info',
  service: 'user-service',
  label: 'Tanvir',
  timestamp: '2023-06-07T09:37:30.524Z'
}
{
  message: 'Application listening on port 5000',
  level: 'info',
  service: 'user-service',
  label: 'Tanvir',
  timestamp: '2023-06-07T09:39:03.872Z'
}
{
  message: 'ðŸ›¢ï¸ Database is connected successfully',
  level: 'info',
  service: 'user-service',
  label: 'Tanvir',
  timestamp: '2023-06-07T09:39:42.813Z'
}
{
  message: 'Application listening on port 5000',
  level: 'info',
  service: 'user-service',
  label: 'Tanvir',
  timestamp: '2023-06-07T09:39:42.826Z'
}
Wed Jun 07 2023, 15:40:39
   [Tanvir] info ðŸ›¢ï¸ Database is connected successfully
Wed Jun 07 2023, 15:40:39
   [Tanvir] info Application listening on port 5000
Wed Jun 07 2023, 15:40:57
   [Tanvir] info ðŸ›¢ï¸ Database is connected successfully
Wed Jun 07 2023, 15:40:57
   [Tanvir] info Application listening on port 5000
Wed Jun 07 2023, 15:41:0
   [Tanvir] info ðŸ›¢ï¸ Database is connected successfully
Wed Jun 07 2023, 15:41:0
   [Tanvir] info Application listening on port 5000
Wed Jun 07 2023, 15:41:2
   [Tanvir] info ðŸ›¢ï¸ Database is connected successfully
Wed Jun 07 2023, 15:41:2
   [Tanvir] info Application listening on port 5000
Wed Jun 07 2023, 15:41:4
   [Tanvir] info ðŸ›¢ï¸ Database is connected successfully
Wed Jun 07 2023, 15:41:4
   [Tanvir] info Application listening on port 5000
Wed Jun 07 2023, 15:41:11
   [WS] info ðŸ›¢ï¸ Database is connected successfully
Wed Jun 07 2023, 15:41:11
   [WS] info Application listening on port 5000
Wed Jun 07 2023, 15:42
   [WS] info ðŸ›¢ï¸ Database is connected successfully
Wed Jun 07 2023, 15:42
   [WS] info Application listening on port 5000
Wed Jun 07 2023, 15:42 [WS] info ðŸ›¢ï¸ Database is connected successfully
Wed Jun 07 2023, 15:42 [WS] info Application listening on port 5000
Wed Jun 07 2023, 15:42: [WS] info ðŸ›¢ï¸ Database is connected successfully
Wed Jun 07 2023, 15:42: [WS] info Application listening on port 5000
Wed Jun 07 2023, 15:42:{} [WS] info ðŸ›¢ï¸ Database is connected successfully
Wed Jun 07 2023, 15:42:{} [WS] info Application listening on port 5000
Wed Jun 07 2023, 15:42:40
   [WS] info ðŸ›¢ï¸ Database is connected successfully
Wed Jun 07 2023, 15:42:40
   [WS] info Application listening on port 5000
Wed Jun 07 2023, 15:42:44 [WS] info ðŸ›¢ï¸ Database is connected successfully
Wed Jun 07 2023, 15:42:44 [WS] info Application listening on port 5000
Wed Jun 07 2023, 15:42:53 ==>[WS] info ðŸ›¢ï¸ Database is connected successfully
Wed Jun 07 2023, 15:42:53 ==>[WS] info Application listening on port 5000
Wed Jun 07 2023, 15:42:59 =>[WS] info ðŸ›¢ï¸ Database is connected successfully
Wed Jun 07 2023, 15:42:59 =>[WS] info Application listening on port 5000
Wed Jun 07 2023, 15:43:11 [WS] => info ðŸ›¢ï¸ Database is connected successfully
Wed Jun 07 2023, 15:43:11 [WS] => info Application listening on port 5000
Wed Jun 07 2023, 15:45:41 [WS] => info ðŸ›¢ï¸ Database is connected successfully
Wed Jun 07 2023, 15:45:41 [WS] => info Application listening on port 5000
Wed Jun 07 2023, 15:45:54 [WS] => info ðŸ›¢ï¸ Database is connected successfully
Wed Jun 07 2023, 15:45:54 [WS] => info Application listening on port 5000
Wed Jun 07 2023, 15:45:56 [WS] => info ðŸ›¢ï¸ Database is connected successfully
Wed Jun 07 2023, 15:45:56 [WS] => info Application listening on port 5000
Wed Jun 07 2023, 15:46:0 [WS] => info ðŸ›¢ï¸ Database is connected successfully
Wed Jun 07 2023, 15:46:0 [WS] => info Application listening on port 5000
Wed Jun 07 2023, 15:46:6 [WS] => info ðŸ›¢ï¸ Database is connected successfully
Wed Jun 07 2023, 15:46:6 [WS] => info Application listening on port 5000
Wed Jun 07 2023, 15:46:11 [WS] => info ðŸ›¢ï¸ Database is connected successfully
Wed Jun 07 2023, 15:46:11 [WS] => info Application listening on port 5000
Wed Jun 07 2023, 15:46:17 [WS] => info ðŸ›¢ï¸ Database is connected successfully
Wed Jun 07 2023, 15:46:17 [WS] => info Application listening on port 5000
Wed Jun 07 2023, 15:46:22 [WS] => info ðŸ›¢ï¸ Database is connected successfully
Wed Jun 07 2023, 15:46:22 [WS] => info Application listening on port 5000
Wed Jun 07 2023, 15:46:35 [WS] => info ðŸ›¢ï¸ Database is connected successfully
Wed Jun 07 2023, 15:46:35 [WS] => info Application listening on port 5000
Wed Jun 07 2023, 15:46:45 [WS] => info ðŸ›¢ï¸ Database is connected successfully
Wed Jun 07 2023, 15:46:45 [WS] => info Application listening on port 5000
Wed Jun 07 2023, 15:46:53 [WS] => info ðŸ›¢ï¸ Database is connected successfully
Wed Jun 07 2023, 15:46:53 [WS] => info Application listening on port 5000
Wed Jun 07 2023, 15:47:7 [WS] => info ðŸ›¢ï¸ Database is connected successfully
Wed Jun 07 2023, 15:47:7 [WS] => info Application listening on port 5000
Wed Jun 07 2023, 15:49:57 [WS] => info ðŸ›¢ï¸ Database is connected successfully
Wed Jun 07 2023, 15:49:57 [WS] => info Application listening on port 5000
Wed Jun 07 2023, 15:50:40 [WS] => info ðŸ›¢ï¸ Database is connected successfully
Wed Jun 07 2023, 15:50:40 [WS] => info Application listening on port 5000
Wed Jun 07 2023, 15:50:44 [WS] => info ðŸ›¢ï¸ Database is connected successfully
Wed Jun 07 2023, 15:50:44 [WS] => info Application listening on port 5000
Wed Jun 07 2023, 15:51:15 [WS] => info ðŸ›¢ï¸ Database is connected successfully
Wed Jun 07 2023, 15:51:15 [WS] => info Application listening on port 5000
Wed Jun 07 2023, 15:51:30 [WS] => info ðŸ›¢ï¸ Database is connected successfully
Wed Jun 07 2023, 15:51:30 [WS] => info Application listening on port 5000
Wed Jun 07 2023, 15:51:36 [WS] => info ðŸ›¢ï¸ Database is connected successfully
Wed Jun 07 2023, 15:51:36 [WS] => info Application listening on port 5000
Wed Jun 07 2023, 15:51:42 [WS] => info ðŸ›¢ï¸ Database is connected successfully
Wed Jun 07 2023, 15:51:42 [WS] => info Application listening on port 5000
Wed Jun 07 2023, 15:51:44 [WS] => info ðŸ›¢ï¸ Database is connected successfully
Wed Jun 07 2023, 15:51:44 [WS] => info Application listening on port 5000
Wed Jun 07 2023, 15:51:48 [WS] => info ðŸ›¢ï¸ Database is connected successfully
Wed Jun 07 2023, 15:51:48 [WS] => info Application listening on port 5000
Wed Jun 07 2023, 15:51:51 [WS] => info ðŸ›¢ï¸ Database is connected successfully
Wed Jun 07 2023, 15:51:51 [WS] => info Application listening on port 5000
Wed Jun 07 2023, 15:51:54 [WS] => info ðŸ›¢ï¸ Database is connected successfully
Wed Jun 07 2023, 15:51:54 [WS] => info Application listening on port 5000
Wed Jun 07 2023, 15:51:58 [WS] => info ðŸ›¢ï¸ Database is connected successfully
Wed Jun 07 2023, 15:51:58 [WS] => info Application listening on port 5000
Wed Jun 07 2023, 15:52:10 [WS] => info ðŸ›¢ï¸ Database is connected successfully
Wed Jun 07 2023, 15:52:10 [WS] => info Application listening on port 5000
Wed Jun 07 2023, 15:52:16 [WS] => info ðŸ›¢ï¸ Database is connected successfully
Wed Jun 07 2023, 15:52:16 [WS] => info Application listening on port 5000
Wed Jun 07 2023, 15:52:27 [WS] => info ðŸ›¢ï¸ Database is connected successfully
Wed Jun 07 2023, 15:52:27 [WS] => info Application listening on port 5000
Wed Jun 07 2023, 15:52:30 [WS] => info ðŸ›¢ï¸ Database is connected successfully
Wed Jun 07 2023, 15:52:30 [WS] => info Application listening on port 5000
Wed Jun 07 2023, 15:53:13 [WS] => info ðŸ›¢ï¸ Database is connected successfully
Wed Jun 07 2023, 15:53:13 [WS] => info Application listening on port 5000
Wed Jun 07 2023, 15:53:18 [WS] => info ðŸ›¢ï¸ Database is connected successfully
Wed Jun 07 2023, 15:53:18 [WS] => info Application listening on port 5000
Wed Jun 07 2023, 15:53:24 [WS] => info ðŸ›¢ï¸ Database is connected successfully
Wed Jun 07 2023, 15:53:24 [WS] => info Application listening on port 5000
Wed Jun 07 2023, 15:54:0 [WS] => info ðŸ›¢ï¸ Database is connected successfully
Wed Jun 07 2023, 15:54:0 [WS] => info Application listening on port 5000
Wed Jun 07 2023, 15:54:5 [WS] => info ðŸ›¢ï¸ Database is connected successfully
Wed Jun 07 2023, 15:54:5 [WS] => info Application listening on port 5000
Wed Jun 07 2023, 15:54:8 [WS] => info ðŸ›¢ï¸ Database is connected successfully
Wed Jun 07 2023, 15:54:8 [WS] => info Application listening on port 5000
Wed Jun 07 2023, 15:54:12 [WS] => info ðŸ›¢ï¸ Database is connected successfully
Wed Jun 07 2023, 15:54:12 [WS] => info Application listening on port 5000
Wed Jun 07 2023, 15:54:14 [WS] => info ðŸ›¢ï¸ Database is connected successfully
Wed Jun 07 2023, 15:54:14 [WS] => info Application listening on port 5000
Wed Jun 07 2023, 15:54:24 [WS] => info ðŸ›¢ï¸ Database is connected successfully
Wed Jun 07 2023, 15:54:24 [WS] => info Application listening on port 5000
