{
  message: '🛢️ Database is connected successfully',
  level: 'info',
  service: 'user-service',
  label: 'Tanvir',
  timestamp: '2023-06-05T10:41:20.259Z'
}
{
  message: 'Application listening on port 5000',
  level: 'info',
  service: 'user-service',
  label: 'Tanvir',
  timestamp: '2023-06-05T10:41:20.303Z'
}
{
  message: '🛢️ Database is connected successfully',
  level: 'info',
  service: 'user-service',
  label: 'Tanvir',
  timestamp: '2023-06-05T10:44:43.243Z'
}
{
  message: 'Application listening on port 5000',
  level: 'info',
  service: 'user-service',
  label: 'Tanvir',
  timestamp: '2023-06-05T10:44:43.253Z'
}
{
  message: '🛢️ Database is connected successfully',
  level: 'info',
  service: 'user-service',
  label: 'Tanvir',
  timestamp: '2023-06-05T10:44:49.230Z'
}
{
  message: 'Application listening on port 5000',
  level: 'info',
  service: 'user-service',
  label: 'Tanvir',
  timestamp: '2023-06-05T10:44:49.244Z'
}
{
  message: '🛢️ Database is connected successfully',
  level: 'info',
  service: 'user-service',
  label: 'Tanvir',
  timestamp: '2023-06-05T10:44:53.195Z'
}
{
  message: 'Application listening on port 5000',
  level: 'info',
  service: 'user-service',
  label: 'Tanvir',
  timestamp: '2023-06-05T10:44:53.207Z'
}
{
  message: '🛢️ Database is connected successfully',
  level: 'info',
  service: 'user-service',
  label: 'Tanvir',
  timestamp: '2023-06-05T10:44:58.024Z'
}
{
  message: 'Application listening on port 5000',
  level: 'info',
  service: 'user-service',
  label: 'Tanvir',
  timestamp: '2023-06-05T10:44:58.036Z'
}
{
  message: '🛢️ Database is connected successfully',
  level: 'info',
  service: 'user-service',
  label: 'Tanvir',
  timestamp: '2023-06-05T10:45:51.631Z'
}
{
  message: 'Application listening on port 5000',
  level: 'info',
  service: 'user-service',
  label: 'Tanvir',
  timestamp: '2023-06-05T10:45:51.643Z'
}
{
  message: '🛢️ Database is connected successfully',
  level: 'info',
  service: 'user-service',
  label: 'Tanvir',
  timestamp: '2023-06-05T10:49:32.505Z'
}
{
  message: 'Application listening on port 5000',
  level: 'info',
  service: 'user-service',
  label: 'Tanvir',
  timestamp: '2023-06-05T10:49:32.524Z'
}
{
  message: '🛢️ Database is connected successfully',
  level: 'info',
  service: 'user-service',
  label: 'Tanvir',
  timestamp: '2023-06-05T10:52:16.588Z'
}
{
  message: 'Application listening on port 5000',
  level: 'info',
  service: 'user-service',
  label: 'Tanvir',
  timestamp: '2023-06-05T10:52:16.601Z'
}
