{
  message: '🛢️ Database is connected successfully',
  level: 'info',
  service: 'user-service',
  label: 'Tanvir',
  timestamp: '2023-06-05T06:08:11.422Z'
}
{
  message: 'Application listening on port 5000',
  level: 'info',
  service: 'user-service',
  label: 'Tanvir',
  timestamp: '2023-06-05T06:08:11.456Z'
}
{
  message: '🛢️ Database is connected successfully',
  level: 'info',
  service: 'user-service',
  label: 'Tanvir',
  timestamp: '2023-06-05T06:09:12.421Z'
}
{
  message: 'Application listening on port 5000',
  level: 'info',
  service: 'user-service',
  label: 'Tanvir',
  timestamp: '2023-06-05T06:09:12.438Z'
}
{
  message: '🛢️ Database is connected successfully',
  level: 'info',
  service: 'user-service',
  label: 'Tanvir',
  timestamp: '2023-06-05T06:09:48.343Z'
}
{
  message: 'Application listening on port 5000',
  level: 'info',
  service: 'user-service',
  label: 'Tanvir',
  timestamp: '2023-06-05T06:09:48.360Z'
}
{
  message: '🛢️ Database is connected successfully',
  level: 'info',
  service: 'user-service',
  label: 'Tanvir',
  timestamp: '2023-06-05T06:09:55.568Z'
}
{
  message: 'Application listening on port 5000',
  level: 'info',
  service: 'user-service',
  label: 'Tanvir',
  timestamp: '2023-06-05T06:09:55.587Z'
}
{
  message: '🛢️ Database is connected successfully',
  level: 'info',
  service: 'user-service',
  label: 'Tanvir',
  timestamp: '2023-06-05T06:10:10.208Z'
}
{
  message: 'Application listening on port 5000',
  level: 'info',
  service: 'user-service',
  label: 'Tanvir',
  timestamp: '2023-06-05T06:10:10.237Z'
}
{
  message: '🛢️ Database is connected successfully',
  level: 'info',
  service: 'user-service',
  label: 'Tanvir',
  timestamp: '2023-06-05T06:10:43.709Z'
}
{
  message: 'Application listening on port 5000',
  level: 'info',
  service: 'user-service',
  label: 'Tanvir',
  timestamp: '2023-06-05T06:10:43.799Z'
}
{
  message: '🛢️ Database is connected successfully',
  level: 'info',
  service: 'user-service',
  label: 'Tanvir',
  timestamp: '2023-06-05T06:10:53.726Z'
}
{
  message: 'Application listening on port 5000',
  level: 'info',
  service: 'user-service',
  label: 'Tanvir',
  timestamp: '2023-06-05T06:10:53.754Z'
}
{
  message: '🛢️ Database is connected successfully',
  level: 'info',
  service: 'user-service',
  label: 'Tanvir',
  timestamp: '2023-06-05T06:11:10.176Z'
}
{
  message: 'Application listening on port 5000',
  level: 'info',
  service: 'user-service',
  label: 'Tanvir',
  timestamp: '2023-06-05T06:11:10.219Z'
}
{
  message: '🛢️ Database is connected successfully',
  level: 'info',
  service: 'user-service',
  label: 'Tanvir',
  timestamp: '2023-06-05T06:11:31.170Z'
}
{
  message: 'Application listening on port 5000',
  level: 'info',
  service: 'user-service',
  label: 'Tanvir',
  timestamp: '2023-06-05T06:11:31.191Z'
}
{
  message: '🛢️ Database is connected successfully',
  level: 'info',
  service: 'user-service',
  label: 'Tanvir',
  timestamp: '2023-06-05T06:11:56.747Z'
}
{
  message: 'Application listening on port 5000',
  level: 'info',
  service: 'user-service',
  label: 'Tanvir',
  timestamp: '2023-06-05T06:11:56.762Z'
}
{
  message: '🛢️ Database is connected successfully',
  level: 'info',
  service: 'user-service',
  label: 'Tanvir',
  timestamp: '2023-06-05T06:12:05.260Z'
}
{
  message: 'Application listening on port 5000',
  level: 'info',
  service: 'user-service',
  label: 'Tanvir',
  timestamp: '2023-06-05T06:12:05.273Z'
}
{
  message: '🛢️ Database is connected successfully',
  level: 'info',
  service: 'user-service',
  label: 'Tanvir',
  timestamp: '2023-06-05T06:12:18.545Z'
}
{
  message: 'Application listening on port 5000',
  level: 'info',
  service: 'user-service',
  label: 'Tanvir',
  timestamp: '2023-06-05T06:12:18.565Z'
}
{
  message: '🛢️ Database is connected successfully',
  level: 'info',
  service: 'user-service',
  label: 'Tanvir',
  timestamp: '2023-06-05T06:12:23.239Z'
}
{
  message: 'Application listening on port 5000',
  level: 'info',
  service: 'user-service',
  label: 'Tanvir',
  timestamp: '2023-06-05T06:12:23.255Z'
}
{
  message: '🛢️ Database is connected successfully',
  level: 'info',
  service: 'user-service',
  label: 'Tanvir',
  timestamp: '2023-06-05T06:12:27.311Z'
}
{
  message: 'Application listening on port 5000',
  level: 'info',
  service: 'user-service',
  label: 'Tanvir',
  timestamp: '2023-06-05T06:12:27.329Z'
}
{
  message: '🛢️ Database is connected successfully',
  level: 'info',
  service: 'user-service',
  label: 'Tanvir',
  timestamp: '2023-06-05T06:12:32.087Z'
}
{
  message: 'Application listening on port 5000',
  level: 'info',
  service: 'user-service',
  label: 'Tanvir',
  timestamp: '2023-06-05T06:12:32.099Z'
}
{
  message: '🛢️ Database is connected successfully',
  level: 'info',
  service: 'user-service',
  label: 'Tanvir',
  timestamp: '2023-06-05T06:15:24.460Z'
}
{
  message: 'Application listening on port 5000',
  level: 'info',
  service: 'user-service',
  label: 'Tanvir',
  timestamp: '2023-06-05T06:15:24.473Z'
}
{
  message: '🛢️ Database is connected successfully',
  level: 'info',
  service: 'user-service',
  label: 'Tanvir',
  timestamp: '2023-06-05T06:20:40.537Z'
}
{
  message: 'Application listening on port 5000',
  level: 'info',
  service: 'user-service',
  label: 'Tanvir',
  timestamp: '2023-06-05T06:20:40.563Z'
}
{
  message: '🛢️ Database is connected successfully',
  level: 'info',
  service: 'user-service',
  label: 'Tanvir',
  timestamp: '2023-06-05T06:20:47.140Z'
}
{
  message: 'Application listening on port 5000',
  level: 'info',
  service: 'user-service',
  label: 'Tanvir',
  timestamp: '2023-06-05T06:20:47.151Z'
}
{
  message: '🛢️ Database is connected successfully',
  level: 'info',
  service: 'user-service',
  label: 'Tanvir',
  timestamp: '2023-06-05T06:21:03.523Z'
}
{
  message: 'Application listening on port 5000',
  level: 'info',
  service: 'user-service',
  label: 'Tanvir',
  timestamp: '2023-06-05T06:21:03.541Z'
}
{
  message: '🛢️ Database is connected successfully',
  level: 'info',
  service: 'user-service',
  label: 'Tanvir',
  timestamp: '2023-06-05T06:21:08.860Z'
}
{
  message: 'Application listening on port 5000',
  level: 'info',
  service: 'user-service',
  label: 'Tanvir',
  timestamp: '2023-06-05T06:21:08.873Z'
}
{
  message: '🛢️ Database is connected successfully',
  level: 'info',
  service: 'user-service',
  label: 'Tanvir',
  timestamp: '2023-06-05T06:22:24.555Z'
}
{
  message: 'Application listening on port 5000',
  level: 'info',
  service: 'user-service',
  label: 'Tanvir',
  timestamp: '2023-06-05T06:22:24.564Z'
}
{
  message: '🛢️ Database is connected successfully',
  level: 'info',
  service: 'user-service',
  label: 'Tanvir',
  timestamp: '2023-06-05T06:22:26.650Z'
}
{
  message: 'Application listening on port 5000',
  level: 'info',
  service: 'user-service',
  label: 'Tanvir',
  timestamp: '2023-06-05T06:22:26.659Z'
}
{
  message: '🛢️ Database is connected successfully',
  level: 'info',
  service: 'user-service',
  label: 'Tanvir',
  timestamp: '2023-06-05T06:23:50.934Z'
}
{
  message: 'Application listening on port 5000',
  level: 'info',
  service: 'user-service',
  label: 'Tanvir',
  timestamp: '2023-06-05T06:23:50.943Z'
}
{
  message: '🛢️ Database is connected successfully',
  level: 'info',
  service: 'user-service',
  label: 'Tanvir',
  timestamp: '2023-06-05T06:26:00.772Z'
}
{
  message: 'Application listening on port 5000',
  level: 'info',
  service: 'user-service',
  label: 'Tanvir',
  timestamp: '2023-06-05T06:26:00.783Z'
}
{
  message: '🛢️ Database is connected successfully',
  level: 'info',
  service: 'user-service',
  label: 'Tanvir',
  timestamp: '2023-06-05T06:26:20.343Z'
}
{
  message: 'Application listening on port 5000',
  level: 'info',
  service: 'user-service',
  label: 'Tanvir',
  timestamp: '2023-06-05T06:26:20.356Z'
}
{
  message: '🛢️ Database is connected successfully',
  level: 'info',
  service: 'user-service',
  label: 'Tanvir',
  timestamp: '2023-06-05T06:26:25.493Z'
}
{
  message: 'Application listening on port 5000',
  level: 'info',
  service: 'user-service',
  label: 'Tanvir',
  timestamp: '2023-06-05T06:26:25.504Z'
}
{
  message: '🛢️ Database is connected successfully',
  level: 'info',
  service: 'user-service',
  label: 'Tanvir',
  timestamp: '2023-06-05T06:26:31.752Z'
}
{
  message: 'Application listening on port 5000',
  level: 'info',
  service: 'user-service',
  label: 'Tanvir',
  timestamp: '2023-06-05T06:26:31.764Z'
}
{
  message: '🛢️ Database is connected successfully',
  level: 'info',
  service: 'user-service',
  label: 'Tanvir',
  timestamp: '2023-06-05T06:26:34.601Z'
}
{
  message: 'Application listening on port 5000',
  level: 'info',
  service: 'user-service',
  label: 'Tanvir',
  timestamp: '2023-06-05T06:26:34.610Z'
}
{
  message: '🛢️ Database is connected successfully',
  level: 'info',
  service: 'user-service',
  label: 'Tanvir',
  timestamp: '2023-06-05T06:27:06.191Z'
}
{
  message: 'Application listening on port 5000',
  level: 'info',
  service: 'user-service',
  label: 'Tanvir',
  timestamp: '2023-06-05T06:27:06.202Z'
}
{
  message: '🛢️ Database is connected successfully',
  level: 'info',
  service: 'user-service',
  label: 'Tanvir',
  timestamp: '2023-06-05T06:27:13.578Z'
}
{
  message: 'Application listening on port 5000',
  level: 'info',
  service: 'user-service',
  label: 'Tanvir',
  timestamp: '2023-06-05T06:27:13.591Z'
}
{
  message: '🛢️ Database is connected successfully',
  level: 'info',
  service: 'user-service',
  label: 'Tanvir',
  timestamp: '2023-06-05T06:27:34.873Z'
}
{
  message: 'Application listening on port 5000',
  level: 'info',
  service: 'user-service',
  label: 'Tanvir',
  timestamp: '2023-06-05T06:27:34.882Z'
}
{
  message: '🛢️ Database is connected successfully',
  level: 'info',
  service: 'user-service',
  label: 'Tanvir',
  timestamp: '2023-06-05T06:27:53.655Z'
}
{
  message: 'Application listening on port 5000',
  level: 'info',
  service: 'user-service',
  label: 'Tanvir',
  timestamp: '2023-06-05T06:27:53.678Z'
}
{
  message: '🛢️ Database is connected successfully',
  level: 'info',
  service: 'user-service',
  label: 'Tanvir',
  timestamp: '2023-06-05T06:37:45.552Z'
}
{
  message: 'Application listening on port 5000',
  level: 'info',
  service: 'user-service',
  label: 'Tanvir',
  timestamp: '2023-06-05T06:37:45.564Z'
}
{
  message: '🛢️ Database is connected successfully',
  level: 'info',
  service: 'user-service',
  label: 'Tanvir',
  timestamp: '2023-06-05T06:40:17.501Z'
}
{
  message: 'Application listening on port 5000',
  level: 'info',
  service: 'user-service',
  label: 'Tanvir',
  timestamp: '2023-06-05T06:40:17.518Z'
}
{
  message: '🛢️ Database is connected successfully',
  level: 'info',
  service: 'user-service',
  label: 'Tanvir',
  timestamp: '2023-06-05T06:40:20.879Z'
}
{
  message: 'Application listening on port 5000',
  level: 'info',
  service: 'user-service',
  label: 'Tanvir',
  timestamp: '2023-06-05T06:40:20.894Z'
}
{
  message: '🛢️ Database is connected successfully',
  level: 'info',
  service: 'user-service',
  label: 'Tanvir',
  timestamp: '2023-06-05T06:40:33.655Z'
}
{
  message: 'Application listening on port 5000',
  level: 'info',
  service: 'user-service',
  label: 'Tanvir',
  timestamp: '2023-06-05T06:40:33.667Z'
}
{
  message: '🛢️ Database is connected successfully',
  level: 'info',
  service: 'user-service',
  label: 'Tanvir',
  timestamp: '2023-06-05T06:48:43.276Z'
}
{
  message: 'Application listening on port 5000',
  level: 'info',
  service: 'user-service',
  label: 'Tanvir',
  timestamp: '2023-06-05T06:48:43.285Z'
}
{
  message: '🛢️ Database is connected successfully',
  level: 'info',
  service: 'user-service',
  label: 'Tanvir',
  timestamp: '2023-06-05T06:49:19.465Z'
}
{
  message: 'Application listening on port 5000',
  level: 'info',
  service: 'user-service',
  label: 'Tanvir',
  timestamp: '2023-06-05T06:49:19.477Z'
}
{
  message: '🛢️ Database is connected successfully',
  level: 'info',
  service: 'user-service',
  label: 'Tanvir',
  timestamp: '2023-06-05T06:50:21.803Z'
}
{
  message: 'Application listening on port 5000',
  level: 'info',
  service: 'user-service',
  label: 'Tanvir',
  timestamp: '2023-06-05T06:50:21.824Z'
}
{
  message: '🛢️ Database is connected successfully',
  level: 'info',
  service: 'user-service',
  label: 'Tanvir',
  timestamp: '2023-06-05T06:51:26.693Z'
}
{
  message: 'Application listening on port 5000',
  level: 'info',
  service: 'user-service',
  label: 'Tanvir',
  timestamp: '2023-06-05T06:51:26.704Z'
}
{
  message: '🛢️ Database is connected successfully',
  level: 'info',
  service: 'user-service',
  label: 'Tanvir',
  timestamp: '2023-06-05T06:53:03.432Z'
}
{
  message: 'Application listening on port 5000',
  level: 'info',
  service: 'user-service',
  label: 'Tanvir',
  timestamp: '2023-06-05T06:53:03.448Z'
}
{
  message: '🛢️ Database is connected successfully',
  level: 'info',
  service: 'user-service',
  label: 'Tanvir',
  timestamp: '2023-06-05T06:53:05.318Z'
}
{
  message: 'Application listening on port 5000',
  level: 'info',
  service: 'user-service',
  label: 'Tanvir',
  timestamp: '2023-06-05T06:53:05.331Z'
}
{
  message: '🛢️ Database is connected successfully',
  level: 'info',
  service: 'user-service',
  label: 'Tanvir',
  timestamp: '2023-06-05T06:53:29.487Z'
}
{
  message: 'Application listening on port 5000',
  level: 'info',
  service: 'user-service',
  label: 'Tanvir',
  timestamp: '2023-06-05T06:53:29.498Z'
}
