{
  message: '🛢️ Database is connected successfully',
  level: 'info',
  service: 'user-service',
  label: 'Tanvir',
  timestamp: '2023-06-05T07:03:09.758Z'
}
{
  message: 'Application listening on port 5000',
  level: 'info',
  service: 'user-service',
  label: 'Tanvir',
  timestamp: '2023-06-05T07:03:09.769Z'
}
{
  message: '🛢️ Database is connected successfully',
  level: 'info',
  service: 'user-service',
  label: 'Tanvir',
  timestamp: '2023-06-05T07:03:42.405Z'
}
{
  message: 'Application listening on port 5000',
  level: 'info',
  service: 'user-service',
  label: 'Tanvir',
  timestamp: '2023-06-05T07:03:42.419Z'
}
{
  message: '🛢️ Database is connected successfully',
  level: 'info',
  service: 'user-service',
  label: 'Tanvir',
  timestamp: '2023-06-05T07:03:48.088Z'
}
{
  message: 'Application listening on port 5000',
  level: 'info',
  service: 'user-service',
  label: 'Tanvir',
  timestamp: '2023-06-05T07:03:48.101Z'
}
{
  message: '🛢️ Database is connected successfully',
  level: 'info',
  service: 'user-service',
  label: 'Tanvir',
  timestamp: '2023-06-05T07:19:10.758Z'
}
{
  message: 'Application listening on port 5000',
  level: 'info',
  service: 'user-service',
  label: 'Tanvir',
  timestamp: '2023-06-05T07:19:10.776Z'
}
{
  message: '🛢️ Database is connected successfully',
  level: 'info',
  service: 'user-service',
  label: 'Tanvir',
  timestamp: '2023-06-05T07:19:47.313Z'
}
{
  message: 'Application listening on port 5000',
  level: 'info',
  service: 'user-service',
  label: 'Tanvir',
  timestamp: '2023-06-05T07:19:47.328Z'
}
{
  message: '🛢️ Database is connected successfully',
  level: 'info',
  service: 'user-service',
  label: 'Tanvir',
  timestamp: '2023-06-05T07:19:51.021Z'
}
{
  message: 'Application listening on port 5000',
  level: 'info',
  service: 'user-service',
  label: 'Tanvir',
  timestamp: '2023-06-05T07:19:51.035Z'
}
{
  message: '🛢️ Database is connected successfully',
  level: 'info',
  service: 'user-service',
  label: 'Tanvir',
  timestamp: '2023-06-05T07:19:56.053Z'
}
{
  message: 'Application listening on port 5000',
  level: 'info',
  service: 'user-service',
  label: 'Tanvir',
  timestamp: '2023-06-05T07:19:56.065Z'
}
{
  message: '🛢️ Database is connected successfully',
  level: 'info',
  service: 'user-service',
  label: 'Tanvir',
  timestamp: '2023-06-05T07:20:09.297Z'
}
{
  message: 'Application listening on port 5000',
  level: 'info',
  service: 'user-service',
  label: 'Tanvir',
  timestamp: '2023-06-05T07:20:09.311Z'
}
{
  message: '🛢️ Database is connected successfully',
  level: 'info',
  service: 'user-service',
  label: 'Tanvir',
  timestamp: '2023-06-05T07:20:22.975Z'
}
{
  message: 'Application listening on port 5000',
  level: 'info',
  service: 'user-service',
  label: 'Tanvir',
  timestamp: '2023-06-05T07:20:22.991Z'
}
{
  message: '🛢️ Database is connected successfully',
  level: 'info',
  service: 'user-service',
  label: 'Tanvir',
  timestamp: '2023-06-05T07:20:49.457Z'
}
{
  message: 'Application listening on port 5000',
  level: 'info',
  service: 'user-service',
  label: 'Tanvir',
  timestamp: '2023-06-05T07:20:49.470Z'
}
{
  message: '🛢️ Database is connected successfully',
  level: 'info',
  service: 'user-service',
  label: 'Tanvir',
  timestamp: '2023-06-05T07:21:19.585Z'
}
{
  message: 'Application listening on port 5000',
  level: 'info',
  service: 'user-service',
  label: 'Tanvir',
  timestamp: '2023-06-05T07:21:19.600Z'
}
{
  message: '🛢️ Database is connected successfully',
  level: 'info',
  service: 'user-service',
  label: 'Tanvir',
  timestamp: '2023-06-05T07:21:27.591Z'
}
{
  message: 'Application listening on port 5000',
  level: 'info',
  service: 'user-service',
  label: 'Tanvir',
  timestamp: '2023-06-05T07:21:27.604Z'
}
{
  message: '🛢️ Database is connected successfully',
  level: 'info',
  service: 'user-service',
  label: 'Tanvir',
  timestamp: '2023-06-05T07:21:36.286Z'
}
{
  message: 'Application listening on port 5000',
  level: 'info',
  service: 'user-service',
  label: 'Tanvir',
  timestamp: '2023-06-05T07:21:36.297Z'
}
{
  message: '🛢️ Database is connected successfully',
  level: 'info',
  service: 'user-service',
  label: 'Tanvir',
  timestamp: '2023-06-05T07:21:42.080Z'
}
{
  message: 'Application listening on port 5000',
  level: 'info',
  service: 'user-service',
  label: 'Tanvir',
  timestamp: '2023-06-05T07:21:42.090Z'
}
{
  message: '🛢️ Database is connected successfully',
  level: 'info',
  service: 'user-service',
  label: 'Tanvir',
  timestamp: '2023-06-05T07:21:47.734Z'
}
{
  message: 'Application listening on port 5000',
  level: 'info',
  service: 'user-service',
  label: 'Tanvir',
  timestamp: '2023-06-05T07:21:47.744Z'
}
{
  message: '🛢️ Database is connected successfully',
  level: 'info',
  service: 'user-service',
  label: 'Tanvir',
  timestamp: '2023-06-05T07:22:09.726Z'
}
{
  message: 'Application listening on port 5000',
  level: 'info',
  service: 'user-service',
  label: 'Tanvir',
  timestamp: '2023-06-05T07:22:09.746Z'
}
{
  message: '🛢️ Database is connected successfully',
  level: 'info',
  service: 'user-service',
  label: 'Tanvir',
  timestamp: '2023-06-05T07:22:28.705Z'
}
{
  message: 'Application listening on port 5000',
  level: 'info',
  service: 'user-service',
  label: 'Tanvir',
  timestamp: '2023-06-05T07:22:28.718Z'
}
{
  message: '🛢️ Database is connected successfully',
  level: 'info',
  service: 'user-service',
  label: 'Tanvir',
  timestamp: '2023-06-05T07:23:31.130Z'
}
{
  message: 'Application listening on port 5000',
  level: 'info',
  service: 'user-service',
  label: 'Tanvir',
  timestamp: '2023-06-05T07:23:31.142Z'
}
{
  message: '🛢️ Database is connected successfully',
  level: 'info',
  service: 'user-service',
  label: 'Tanvir',
  timestamp: '2023-06-05T07:23:49.110Z'
}
{
  message: 'Application listening on port 5000',
  level: 'info',
  service: 'user-service',
  label: 'Tanvir',
  timestamp: '2023-06-05T07:23:49.122Z'
}
{
  message: '🛢️ Database is connected successfully',
  level: 'info',
  service: 'user-service',
  label: 'Tanvir',
  timestamp: '2023-06-05T07:24:05.147Z'
}
{
  message: 'Application listening on port 5000',
  level: 'info',
  service: 'user-service',
  label: 'Tanvir',
  timestamp: '2023-06-05T07:24:05.157Z'
}
{
  message: '🛢️ Database is connected successfully',
  level: 'info',
  service: 'user-service',
  label: 'Tanvir',
  timestamp: '2023-06-05T07:24:25.617Z'
}
{
  message: 'Application listening on port 5000',
  level: 'info',
  service: 'user-service',
  label: 'Tanvir',
  timestamp: '2023-06-05T07:24:25.627Z'
}
{
  message: '🛢️ Database is connected successfully',
  level: 'info',
  service: 'user-service',
  label: 'Tanvir',
  timestamp: '2023-06-05T07:25:09.199Z'
}
{
  message: 'Application listening on port 5000',
  level: 'info',
  service: 'user-service',
  label: 'Tanvir',
  timestamp: '2023-06-05T07:25:09.218Z'
}
{
  message: '🛢️ Database is connected successfully',
  level: 'info',
  service: 'user-service',
  label: 'Tanvir',
  timestamp: '2023-06-05T07:25:14.326Z'
}
{
  message: 'Application listening on port 5000',
  level: 'info',
  service: 'user-service',
  label: 'Tanvir',
  timestamp: '2023-06-05T07:25:14.343Z'
}
{
  message: '🛢️ Database is connected successfully',
  level: 'info',
  service: 'user-service',
  label: 'Tanvir',
  timestamp: '2023-06-05T07:25:19.490Z'
}
{
  message: 'Application listening on port 5000',
  level: 'info',
  service: 'user-service',
  label: 'Tanvir',
  timestamp: '2023-06-05T07:25:19.504Z'
}
{
  message: '🛢️ Database is connected successfully',
  level: 'info',
  service: 'user-service',
  label: 'Tanvir',
  timestamp: '2023-06-05T07:25:26.971Z'
}
{
  message: 'Application listening on port 5000',
  level: 'info',
  service: 'user-service',
  label: 'Tanvir',
  timestamp: '2023-06-05T07:25:26.988Z'
}
{
  message: '🛢️ Database is connected successfully',
  level: 'info',
  service: 'user-service',
  label: 'Tanvir',
  timestamp: '2023-06-05T07:25:30.193Z'
}
{
  message: 'Application listening on port 5000',
  level: 'info',
  service: 'user-service',
  label: 'Tanvir',
  timestamp: '2023-06-05T07:25:30.209Z'
}
{
  message: '🛢️ Database is connected successfully',
  level: 'info',
  service: 'user-service',
  label: 'Tanvir',
  timestamp: '2023-06-05T07:25:35.707Z'
}
{
  message: 'Application listening on port 5000',
  level: 'info',
  service: 'user-service',
  label: 'Tanvir',
  timestamp: '2023-06-05T07:25:35.727Z'
}
{
  message: '🛢️ Database is connected successfully',
  level: 'info',
  service: 'user-service',
  label: 'Tanvir',
  timestamp: '2023-06-05T07:25:52.827Z'
}
{
  message: 'Application listening on port 5000',
  level: 'info',
  service: 'user-service',
  label: 'Tanvir',
  timestamp: '2023-06-05T07:25:52.846Z'
}
{
  message: '🛢️ Database is connected successfully',
  level: 'info',
  service: 'user-service',
  label: 'Tanvir',
  timestamp: '2023-06-05T07:27:20.769Z'
}
{
  message: 'Application listening on port 5000',
  level: 'info',
  service: 'user-service',
  label: 'Tanvir',
  timestamp: '2023-06-05T07:27:20.805Z'
}
{
  message: '🛢️ Database is connected successfully',
  level: 'info',
  service: 'user-service',
  label: 'Tanvir',
  timestamp: '2023-06-05T07:27:25.785Z'
}
{
  message: 'Application listening on port 5000',
  level: 'info',
  service: 'user-service',
  label: 'Tanvir',
  timestamp: '2023-06-05T07:27:25.795Z'
}
{
  message: '🛢️ Database is connected successfully',
  level: 'info',
  service: 'user-service',
  label: 'Tanvir',
  timestamp: '2023-06-05T07:27:30.452Z'
}
{
  message: 'Application listening on port 5000',
  level: 'info',
  service: 'user-service',
  label: 'Tanvir',
  timestamp: '2023-06-05T07:27:30.468Z'
}
{
  message: '🛢️ Database is connected successfully',
  level: 'info',
  service: 'user-service',
  label: 'Tanvir',
  timestamp: '2023-06-05T07:27:33.125Z'
}
{
  message: 'Application listening on port 5000',
  level: 'info',
  service: 'user-service',
  label: 'Tanvir',
  timestamp: '2023-06-05T07:27:33.139Z'
}
{
  message: '🛢️ Database is connected successfully',
  level: 'info',
  service: 'user-service',
  label: 'Tanvir',
  timestamp: '2023-06-05T07:27:55.784Z'
}
{
  message: 'Application listening on port 5000',
  level: 'info',
  service: 'user-service',
  label: 'Tanvir',
  timestamp: '2023-06-05T07:27:55.798Z'
}
{
  message: '🛢️ Database is connected successfully',
  level: 'info',
  service: 'user-service',
  label: 'Tanvir',
  timestamp: '2023-06-05T07:28:24.641Z'
}
{
  message: 'Application listening on port 5000',
  level: 'info',
  service: 'user-service',
  label: 'Tanvir',
  timestamp: '2023-06-05T07:28:24.657Z'
}
{
  message: '🛢️ Database is connected successfully',
  level: 'info',
  service: 'user-service',
  label: 'Tanvir',
  timestamp: '2023-06-05T07:28:37.173Z'
}
{
  message: 'Application listening on port 5000',
  level: 'info',
  service: 'user-service',
  label: 'Tanvir',
  timestamp: '2023-06-05T07:28:37.189Z'
}
{
  message: '🛢️ Database is connected successfully',
  level: 'info',
  service: 'user-service',
  label: 'Tanvir',
  timestamp: '2023-06-05T07:28:40.990Z'
}
{
  message: 'Application listening on port 5000',
  level: 'info',
  service: 'user-service',
  label: 'Tanvir',
  timestamp: '2023-06-05T07:28:41.005Z'
}
{
  message: '🛢️ Database is connected successfully',
  level: 'info',
  service: 'user-service',
  label: 'Tanvir',
  timestamp: '2023-06-05T07:30:04.854Z'
}
{
  message: 'Application listening on port 5000',
  level: 'info',
  service: 'user-service',
  label: 'Tanvir',
  timestamp: '2023-06-05T07:30:04.868Z'
}
{
  message: '🛢️ Database is connected successfully',
  level: 'info',
  service: 'user-service',
  label: 'Tanvir',
  timestamp: '2023-06-05T07:30:07.122Z'
}
{
  message: 'Application listening on port 5000',
  level: 'info',
  service: 'user-service',
  label: 'Tanvir',
  timestamp: '2023-06-05T07:30:07.135Z'
}
{
  message: '🛢️ Database is connected successfully',
  level: 'info',
  service: 'user-service',
  label: 'Tanvir',
  timestamp: '2023-06-05T07:30:15.617Z'
}
{
  message: 'Application listening on port 5000',
  level: 'info',
  service: 'user-service',
  label: 'Tanvir',
  timestamp: '2023-06-05T07:30:15.627Z'
}
{
  message: '🛢️ Database is connected successfully',
  level: 'info',
  service: 'user-service',
  label: 'Tanvir',
  timestamp: '2023-06-05T07:30:25.203Z'
}
{
  message: 'Application listening on port 5000',
  level: 'info',
  service: 'user-service',
  label: 'Tanvir',
  timestamp: '2023-06-05T07:30:25.215Z'
}
{
  message: '🛢️ Database is connected successfully',
  level: 'info',
  service: 'user-service',
  label: 'Tanvir',
  timestamp: '2023-06-05T07:30:57.414Z'
}
{
  message: 'Application listening on port 5000',
  level: 'info',
  service: 'user-service',
  label: 'Tanvir',
  timestamp: '2023-06-05T07:30:57.430Z'
}
{
  message: '🛢️ Database is connected successfully',
  level: 'info',
  service: 'user-service',
  label: 'Tanvir',
  timestamp: '2023-06-05T07:31:59.141Z'
}
{
  message: 'Application listening on port 5000',
  level: 'info',
  service: 'user-service',
  label: 'Tanvir',
  timestamp: '2023-06-05T07:31:59.150Z'
}
{
  message: '🛢️ Database is connected successfully',
  level: 'info',
  service: 'user-service',
  label: 'Tanvir',
  timestamp: '2023-06-05T07:32:05.912Z'
}
{
  message: 'Application listening on port 5000',
  level: 'info',
  service: 'user-service',
  label: 'Tanvir',
  timestamp: '2023-06-05T07:32:05.924Z'
}
{
  message: '🛢️ Database is connected successfully',
  level: 'info',
  service: 'user-service',
  label: 'Tanvir',
  timestamp: '2023-06-05T07:32:27.711Z'
}
{
  message: 'Application listening on port 5000',
  level: 'info',
  service: 'user-service',
  label: 'Tanvir',
  timestamp: '2023-06-05T07:32:27.723Z'
}
{
  message: '🛢️ Database is connected successfully',
  level: 'info',
  service: 'user-service',
  label: 'Tanvir',
  timestamp: '2023-06-05T07:32:34.806Z'
}
{
  message: 'Application listening on port 5000',
  level: 'info',
  service: 'user-service',
  label: 'Tanvir',
  timestamp: '2023-06-05T07:32:34.818Z'
}
{
  message: '🛢️ Database is connected successfully',
  level: 'info',
  service: 'user-service',
  label: 'Tanvir',
  timestamp: '2023-06-05T07:32:37.449Z'
}
{
  message: 'Application listening on port 5000',
  level: 'info',
  service: 'user-service',
  label: 'Tanvir',
  timestamp: '2023-06-05T07:32:37.462Z'
}
{
  message: '🛢️ Database is connected successfully',
  level: 'info',
  service: 'user-service',
  label: 'Tanvir',
  timestamp: '2023-06-05T07:33:20.831Z'
}
{
  message: 'Application listening on port 5000',
  level: 'info',
  service: 'user-service',
  label: 'Tanvir',
  timestamp: '2023-06-05T07:33:20.843Z'
}
{
  message: '🛢️ Database is connected successfully',
  level: 'info',
  service: 'user-service',
  label: 'Tanvir',
  timestamp: '2023-06-05T07:33:25.232Z'
}
{
  message: 'Application listening on port 5000',
  level: 'info',
  service: 'user-service',
  label: 'Tanvir',
  timestamp: '2023-06-05T07:33:25.254Z'
}
{
  message: '🛢️ Database is connected successfully',
  level: 'info',
  service: 'user-service',
  label: 'Tanvir',
  timestamp: '2023-06-05T07:33:29.042Z'
}
{
  message: 'Application listening on port 5000',
  level: 'info',
  service: 'user-service',
  label: 'Tanvir',
  timestamp: '2023-06-05T07:33:29.057Z'
}
{
  message: '🛢️ Database is connected successfully',
  level: 'info',
  service: 'user-service',
  label: 'Tanvir',
  timestamp: '2023-06-05T07:33:32.445Z'
}
{
  message: 'Application listening on port 5000',
  level: 'info',
  service: 'user-service',
  label: 'Tanvir',
  timestamp: '2023-06-05T07:33:32.483Z'
}
{
  message: '🛢️ Database is connected successfully',
  level: 'info',
  service: 'user-service',
  label: 'Tanvir',
  timestamp: '2023-06-05T07:33:35.003Z'
}
{
  message: 'Application listening on port 5000',
  level: 'info',
  service: 'user-service',
  label: 'Tanvir',
  timestamp: '2023-06-05T07:33:35.013Z'
}
