{
  message: '🛢️ Database is connected successfully',
  level: 'info',
  service: 'user-service',
  label: 'Tanvir',
  timestamp: '2023-06-04T16:00:17.599Z'
}
{
  message: 'Application listening on port 5000',
  level: 'info',
  service: 'user-service',
  label: 'Tanvir',
  timestamp: '2023-06-04T16:00:17.613Z'
}
{
  message: '🛢️ Database is connected successfully',
  level: 'info',
  service: 'user-service',
  label: 'Tanvir',
  timestamp: '2023-06-04T16:00:25.521Z'
}
{
  message: 'Application listening on port 5000',
  level: 'info',
  service: 'user-service',
  label: 'Tanvir',
  timestamp: '2023-06-04T16:00:25.539Z'
}
{
  message: '🛢️ Database is connected successfully',
  level: 'info',
  service: 'user-service',
  label: 'Tanvir',
  timestamp: '2023-06-04T16:00:33.585Z'
}
{
  message: 'Application listening on port 5000',
  level: 'info',
  service: 'user-service',
  label: 'Tanvir',
  timestamp: '2023-06-04T16:00:33.600Z'
}
{
  message: '🛢️ Database is connected successfully',
  level: 'info',
  service: 'user-service',
  label: 'Tanvir',
  timestamp: '2023-06-04T16:00:42.369Z'
}
{
  message: 'Application listening on port 5000',
  level: 'info',
  service: 'user-service',
  label: 'Tanvir',
  timestamp: '2023-06-04T16:00:42.379Z'
}
{
  message: '🛢️ Database is connected successfully',
  level: 'info',
  service: 'user-service',
  label: 'Tanvir',
  timestamp: '2023-06-04T16:01:32.572Z'
}
{
  message: 'Application listening on port 5000',
  level: 'info',
  service: 'user-service',
  label: 'Tanvir',
  timestamp: '2023-06-04T16:01:32.595Z'
}
{
  message: '🛢️ Database is connected successfully',
  level: 'info',
  service: 'user-service',
  label: 'Tanvir',
  timestamp: '2023-06-04T16:01:42.994Z'
}
{
  message: 'Application listening on port 5000',
  level: 'info',
  service: 'user-service',
  label: 'Tanvir',
  timestamp: '2023-06-04T16:01:43.011Z'
}
{
  message: '🛢️ Database is connected successfully',
  level: 'info',
  service: 'user-service',
  label: 'Tanvir',
  timestamp: '2023-06-04T16:01:59.945Z'
}
{
  message: 'Application listening on port 5000',
  level: 'info',
  service: 'user-service',
  label: 'Tanvir',
  timestamp: '2023-06-04T16:01:59.957Z'
}
{
  message: '🛢️ Database is connected successfully',
  level: 'info',
  service: 'user-service',
  label: 'Tanvir',
  timestamp: '2023-06-04T16:02:50.557Z'
}
{
  message: 'Application listening on port 5000',
  level: 'info',
  service: 'user-service',
  label: 'Tanvir',
  timestamp: '2023-06-04T16:02:50.585Z'
}
{
  message: '🛢️ Database is connected successfully',
  level: 'info',
  service: 'user-service',
  label: 'Tanvir',
  timestamp: '2023-06-04T16:03:25.073Z'
}
{
  message: 'Application listening on port 5000',
  level: 'info',
  service: 'user-service',
  label: 'Tanvir',
  timestamp: '2023-06-04T16:03:25.091Z'
}
{
  message: '🛢️ Database is connected successfully',
  level: 'info',
  service: 'user-service',
  label: 'Tanvir',
  timestamp: '2023-06-04T16:03:29.788Z'
}
{
  message: 'Application listening on port 5000',
  level: 'info',
  service: 'user-service',
  label: 'Tanvir',
  timestamp: '2023-06-04T16:03:29.807Z'
}
{
  message: '🛢️ Database is connected successfully',
  level: 'info',
  service: 'user-service',
  label: 'Tanvir',
  timestamp: '2023-06-04T16:03:35.612Z'
}
{
  message: 'Application listening on port 5000',
  level: 'info',
  service: 'user-service',
  label: 'Tanvir',
  timestamp: '2023-06-04T16:03:35.624Z'
}
{
  message: '🛢️ Database is connected successfully',
  level: 'info',
  service: 'user-service',
  label: 'Tanvir',
  timestamp: '2023-06-04T16:03:39.803Z'
}
{
  message: 'Application listening on port 5000',
  level: 'info',
  service: 'user-service',
  label: 'Tanvir',
  timestamp: '2023-06-04T16:03:39.822Z'
}
{
  message: '🛢️ Database is connected successfully',
  level: 'info',
  service: 'user-service',
  label: 'Tanvir',
  timestamp: '2023-06-04T16:03:53.787Z'
}
{
  message: 'Application listening on port 5000',
  level: 'info',
  service: 'user-service',
  label: 'Tanvir',
  timestamp: '2023-06-04T16:03:53.806Z'
}
{
  message: '🛢️ Database is connected successfully',
  level: 'info',
  service: 'user-service',
  label: 'Tanvir',
  timestamp: '2023-06-04T16:31:27.122Z'
}
{
  message: 'Application listening on port 5000',
  level: 'info',
  service: 'user-service',
  label: 'Tanvir',
  timestamp: '2023-06-04T16:31:27.147Z'
}
{
  message: '🛢️ Database is connected successfully',
  level: 'info',
  service: 'user-service',
  label: 'Tanvir',
  timestamp: '2023-06-04T16:31:30.752Z'
}
{
  message: 'Application listening on port 5000',
  level: 'info',
  service: 'user-service',
  label: 'Tanvir',
  timestamp: '2023-06-04T16:31:30.763Z'
}
{
  message: '🛢️ Database is connected successfully',
  level: 'info',
  service: 'user-service',
  label: 'Tanvir',
  timestamp: '2023-06-04T16:31:37.744Z'
}
{
  message: 'Application listening on port 5000',
  level: 'info',
  service: 'user-service',
  label: 'Tanvir',
  timestamp: '2023-06-04T16:31:37.758Z'
}
{
  message: '🛢️ Database is connected successfully',
  level: 'info',
  service: 'user-service',
  label: 'Tanvir',
  timestamp: '2023-06-04T16:31:45.823Z'
}
{
  message: 'Application listening on port 5000',
  level: 'info',
  service: 'user-service',
  label: 'Tanvir',
  timestamp: '2023-06-04T16:31:45.842Z'
}
{
  message: '🛢️ Database is connected successfully',
  level: 'info',
  service: 'user-service',
  label: 'Tanvir',
  timestamp: '2023-06-04T16:31:48.188Z'
}
{
  message: 'Application listening on port 5000',
  level: 'info',
  service: 'user-service',
  label: 'Tanvir',
  timestamp: '2023-06-04T16:31:48.200Z'
}
{
  message: '🛢️ Database is connected successfully',
  level: 'info',
  service: 'user-service',
  label: 'Tanvir',
  timestamp: '2023-06-04T16:31:55.493Z'
}
{
  message: 'Application listening on port 5000',
  level: 'info',
  service: 'user-service',
  label: 'Tanvir',
  timestamp: '2023-06-04T16:31:55.504Z'
}
{
  message: '🛢️ Database is connected successfully',
  level: 'info',
  service: 'user-service',
  label: 'Tanvir',
  timestamp: '2023-06-04T16:32:18.518Z'
}
{
  message: 'Application listening on port 5000',
  level: 'info',
  service: 'user-service',
  label: 'Tanvir',
  timestamp: '2023-06-04T16:32:18.536Z'
}
{
  message: '🛢️ Database is connected successfully',
  level: 'info',
  service: 'user-service',
  label: 'Tanvir',
  timestamp: '2023-06-04T16:33:20.670Z'
}
{
  message: 'Application listening on port 5000',
  level: 'info',
  service: 'user-service',
  label: 'Tanvir',
  timestamp: '2023-06-04T16:33:20.703Z'
}
{
  message: '🛢️ Database is connected successfully',
  level: 'info',
  service: 'user-service',
  label: 'Tanvir',
  timestamp: '2023-06-04T16:33:36.964Z'
}
{
  message: 'Application listening on port 5000',
  level: 'info',
  service: 'user-service',
  label: 'Tanvir',
  timestamp: '2023-06-04T16:33:36.979Z'
}
{
  message: '🛢️ Database is connected successfully',
  level: 'info',
  service: 'user-service',
  label: 'Tanvir',
  timestamp: '2023-06-04T16:33:43.162Z'
}
{
  message: 'Application listening on port 5000',
  level: 'info',
  service: 'user-service',
  label: 'Tanvir',
  timestamp: '2023-06-04T16:33:43.178Z'
}
{
  message: '🛢️ Database is connected successfully',
  level: 'info',
  service: 'user-service',
  label: 'Tanvir',
  timestamp: '2023-06-04T16:33:50.256Z'
}
{
  message: 'Application listening on port 5000',
  level: 'info',
  service: 'user-service',
  label: 'Tanvir',
  timestamp: '2023-06-04T16:33:50.268Z'
}
{
  message: '🛢️ Database is connected successfully',
  level: 'info',
  service: 'user-service',
  label: 'Tanvir',
  timestamp: '2023-06-04T16:33:56.218Z'
}
{
  message: 'Application listening on port 5000',
  level: 'info',
  service: 'user-service',
  label: 'Tanvir',
  timestamp: '2023-06-04T16:33:56.230Z'
}
{
  message: '🛢️ Database is connected successfully',
  level: 'info',
  service: 'user-service',
  label: 'Tanvir',
  timestamp: '2023-06-04T16:34:01.394Z'
}
{
  message: 'Application listening on port 5000',
  level: 'info',
  service: 'user-service',
  label: 'Tanvir',
  timestamp: '2023-06-04T16:34:01.426Z'
}
{
  message: '🛢️ Database is connected successfully',
  level: 'info',
  service: 'user-service',
  label: 'Tanvir',
  timestamp: '2023-06-04T16:34:09.819Z'
}
{
  message: 'Application listening on port 5000',
  level: 'info',
  service: 'user-service',
  label: 'Tanvir',
  timestamp: '2023-06-04T16:34:09.839Z'
}
{
  message: '🛢️ Database is connected successfully',
  level: 'info',
  service: 'user-service',
  label: 'Tanvir',
  timestamp: '2023-06-04T16:34:29.645Z'
}
{
  message: 'Application listening on port 5000',
  level: 'info',
  service: 'user-service',
  label: 'Tanvir',
  timestamp: '2023-06-04T16:34:29.663Z'
}
{
  message: '🛢️ Database is connected successfully',
  level: 'info',
  service: 'user-service',
  label: 'Tanvir',
  timestamp: '2023-06-04T16:34:40.326Z'
}
{
  message: 'Application listening on port 5000',
  level: 'info',
  service: 'user-service',
  label: 'Tanvir',
  timestamp: '2023-06-04T16:34:40.342Z'
}
{
  message: '🛢️ Database is connected successfully',
  level: 'info',
  service: 'user-service',
  label: 'Tanvir',
  timestamp: '2023-06-04T16:35:21.167Z'
}
{
  message: 'Application listening on port 5000',
  level: 'info',
  service: 'user-service',
  label: 'Tanvir',
  timestamp: '2023-06-04T16:35:21.180Z'
}
{
  message: '🛢️ Database is connected successfully',
  level: 'info',
  service: 'user-service',
  label: 'Tanvir',
  timestamp: '2023-06-04T16:35:24.831Z'
}
{
  message: 'Application listening on port 5000',
  level: 'info',
  service: 'user-service',
  label: 'Tanvir',
  timestamp: '2023-06-04T16:35:24.843Z'
}
{
  message: '🛢️ Database is connected successfully',
  level: 'info',
  service: 'user-service',
  label: 'Tanvir',
  timestamp: '2023-06-04T16:35:31.144Z'
}
{
  message: 'Application listening on port 5000',
  level: 'info',
  service: 'user-service',
  label: 'Tanvir',
  timestamp: '2023-06-04T16:35:31.156Z'
}
{
  message: '🛢️ Database is connected successfully',
  level: 'info',
  service: 'user-service',
  label: 'Tanvir',
  timestamp: '2023-06-04T16:35:53.542Z'
}
{
  message: 'Application listening on port 5000',
  level: 'info',
  service: 'user-service',
  label: 'Tanvir',
  timestamp: '2023-06-04T16:35:53.555Z'
}
{
  message: '🛢️ Database is connected successfully',
  level: 'info',
  service: 'user-service',
  label: 'Tanvir',
  timestamp: '2023-06-04T16:36:15.190Z'
}
{
  message: 'Application listening on port 5000',
  level: 'info',
  service: 'user-service',
  label: 'Tanvir',
  timestamp: '2023-06-04T16:36:15.199Z'
}
{
  message: '🛢️ Database is connected successfully',
  level: 'info',
  service: 'user-service',
  label: 'Tanvir',
  timestamp: '2023-06-04T16:36:17.731Z'
}
{
  message: 'Application listening on port 5000',
  level: 'info',
  service: 'user-service',
  label: 'Tanvir',
  timestamp: '2023-06-04T16:36:17.747Z'
}
{
  message: '🛢️ Database is connected successfully',
  level: 'info',
  service: 'user-service',
  label: 'Tanvir',
  timestamp: '2023-06-04T16:36:36.915Z'
}
{
  message: 'Application listening on port 5000',
  level: 'info',
  service: 'user-service',
  label: 'Tanvir',
  timestamp: '2023-06-04T16:36:36.931Z'
}
{
  message: '🛢️ Database is connected successfully',
  level: 'info',
  service: 'user-service',
  label: 'Tanvir',
  timestamp: '2023-06-04T16:37:11.816Z'
}
{
  message: 'Application listening on port 5000',
  level: 'info',
  service: 'user-service',
  label: 'Tanvir',
  timestamp: '2023-06-04T16:37:11.828Z'
}
{
  message: '🛢️ Database is connected successfully',
  level: 'info',
  service: 'user-service',
  label: 'Tanvir',
  timestamp: '2023-06-04T16:37:19.107Z'
}
{
  message: 'Application listening on port 5000',
  level: 'info',
  service: 'user-service',
  label: 'Tanvir',
  timestamp: '2023-06-04T16:37:19.120Z'
}
{
  message: '🛢️ Database is connected successfully',
  level: 'info',
  service: 'user-service',
  label: 'Tanvir',
  timestamp: '2023-06-04T16:37:20.978Z'
}
{
  message: 'Application listening on port 5000',
  level: 'info',
  service: 'user-service',
  label: 'Tanvir',
  timestamp: '2023-06-04T16:37:20.991Z'
}
{
  message: '🛢️ Database is connected successfully',
  level: 'info',
  service: 'user-service',
  label: 'Tanvir',
  timestamp: '2023-06-04T16:38:44.104Z'
}
{
  message: 'Application listening on port 5000',
  level: 'info',
  service: 'user-service',
  label: 'Tanvir',
  timestamp: '2023-06-04T16:38:44.126Z'
}
{
  message: '🛢️ Database is connected successfully',
  level: 'info',
  service: 'user-service',
  label: 'Tanvir',
  timestamp: '2023-06-04T16:38:49.652Z'
}
{
  message: 'Application listening on port 5000',
  level: 'info',
  service: 'user-service',
  label: 'Tanvir',
  timestamp: '2023-06-04T16:38:49.679Z'
}
