{
  service: 'user-service',
  issues: [
    {
      expected: "'January' | 'February' | 'March' | 'April' | 'May' | 'June' | 'July' | 'August' | 'September' | 'October' | 'November' | 'December'",
      received: 'undefined',
      code: 'invalid_type',
      path: [ 'body', 'endMonth' ],
      message: 'End month must be required'
    }
  ],
  addIssue: [Function (anonymous)],
  addIssues: [Function (anonymous)],
  name: 'ZodError',
  level: 'error',
  message: '🚀 globalErrorHandler ~ [\n' +
    '  {\n' +
    `    "expected": "'January' | 'February' | 'March' | 'April' | 'May' | 'June' | 'July' | 'August' | 'September' | 'October' | 'November' | 'December'",\n` +
    '    "received": "undefined",\n' +
    '    "code": "invalid_type",\n' +
    '    "path": [\n' +
    '      "body",\n' +
    '      "endMonth"\n' +
    '    ],\n' +
    '    "message": "End month must be required"\n' +
    '  }\n' +
    ']',
  stack: 'ZodError: [\n' +
    '  {\n' +
    `    "expected": "'January' | 'February' | 'March' | 'April' | 'May' | 'June' | 'July' | 'August' | 'September' | 'October' | 'November' | 'December'",\n` +
    '    "received": "undefined",\n' +
    '    "code": "invalid_type",\n' +
    '    "path": [\n' +
    '      "body",\n' +
    '      "endMonth"\n' +
    '    ],\n' +
    '    "message": "End month must be required"\n' +
    '  }\n' +
    ']\n' +
    '    at Object.get error [as error] (E:\\university-management\\node_modules\\zod\\lib\\types.js:43:31)\n' +
    '    at ZodObject.parseAsync (E:\\university-management\\node_modules\\zod\\lib\\types.js:164:22)\n' +
    '    at processTicksAndRejections (node:internal/process/task_queues:95:5)',
  label: 'Tanvir',
  timestamp: '2023-06-07T09:30:52.080Z'
}
{
  service: 'user-service',
  statusCode: 409,
  level: 'error',
  message: '🚀 globalErrorHandler ~ Academic semester is already exists !',
  stack: 'Error: Academic semester is already exists !\n' +
    '    at model.<anonymous> (E:\\university-management\\src\\app\\modules\\AcademicSemester\\academicSemester.model.ts:55:11)\n' +
    '    at Generator.next (<anonymous>)\n' +
    '    at fulfilled (E:\\university-management\\src\\app\\modules\\AcademicSemester\\academicSemester.model.ts:5:58)\n' +
    '    at processTicksAndRejections (node:internal/process/task_queues:95:5)',
  label: 'Tanvir',
  timestamp: '2023-06-07T09:31:20.163Z'
}
Wed Jun 07 2023, 15:54:36 [WS] => error 🚀 globalErrorHandler ~ Invalid semester code
