Wed Jun 14 2023, 13:14:9 [WS] => error 🚀 globalErrorHandler ~ Cast to ObjectId failed for value "250100001" (type string) at path "_id" for model "Student"
Wed Jun 14 2023, 13:15:38 [WS] => error 🚀 globalErrorHandler ~ Cast to ObjectId failed for value "250100001" (type string) at path "_id" for model "Student"
Wed Jun 14 2023, 13:16:6 [WS] => error 🚀 globalErrorHandler ~ Cast to ObjectId failed for value "250100001" (type string) at path "_id" for model "Student"
Wed Jun 14 2023, 13:16:26 [WS] => error 🚀 globalErrorHandler ~ Cast to ObjectId failed for value "250100001" (type string) at path "_id" for model "Student"
Wed Jun 14 2023, 13:18:24 [WS] => error 🚀 globalErrorHandler ~ Cast to ObjectId failed for value "250100001" (type string) at path "_id" for model "Student"
Wed Jun 14 2023, 13:18:41 [WS] => error 🚀 globalErrorHandler ~ Cast to ObjectId failed for value "250100001" (type string) at path "_id" for model "Student"
Wed Jun 14 2023, 13:19:7 [WS] => error 🚀 globalErrorHandler ~ Cast to ObjectId failed for value "250100001" (type string) at path "_id" for model "Student"
Wed Jun 14 2023, 13:19:40 [WS] => error 🚀 globalErrorHandler ~ Cast to ObjectId failed for value "250100001" (type string) at path "_id" for model "Student"
Wed Jun 14 2023, 13:19:50 [WS] => error 🚀 globalErrorHandler ~ Cast to ObjectId failed for value "250100001" (type string) at path "_id" for model "Student"
Wed Jun 14 2023, 13:20:17 [WS] => error 🚀 globalErrorHandler ~ Cast to ObjectId failed for value "250100001" (type string) at path "_id" for model "Student"
Wed Jun 14 2023, 13:22:4 [WS] => error 🚀 globalErrorHandler ~ [
  {
    "code": "invalid_type",
    "expected": "object",
    "received": "undefined",
    "path": [
      "body",
      "name"
    ],
    "message": "Required"
  }
]
Wed Jun 14 2023, 13:22:13 [WS] => error 🚀 globalErrorHandler ~ [
  {
    "code": "invalid_type",
    "expected": "object",
    "received": "undefined",
    "path": [
      "body",
      "name"
    ],
    "message": "Required"
  }
]
Wed Jun 14 2023, 13:22:53 [WS] => error 🚀 globalErrorHandler ~ [
  {
    "code": "invalid_type",
    "expected": "object",
    "received": "undefined",
    "path": [
      "body",
      "name"
    ],
    "message": "Required"
  }
]
