Fri Jun 09 2023, 10:9:41 [WS] => error 🚀 globalErrorHandler ~ Cast to number failed for value "i" (type string) at path "year" for model "AcademicSemester"
Fri Jun 09 2023, 10:10:6 [WS] => error 🚀 globalErrorHandler ~ Cast to number failed for value "i" (type string) at path "year" for model "AcademicSemester"
Fri Jun 09 2023, 10:11:15 [WS] => error 🚀 globalErrorHandler ~ Cast to number failed for value "i" (type string) at path "year" for model "AcademicSemester"
Fri Jun 09 2023, 10:11:53 [WS] => error 🚀 globalErrorHandler ~ Cast to number failed for value "03" (type string) at path "year" for model "AcademicSemester"
Fri Jun 09 2023, 10:13:5 [WS] => error 🚀 globalErrorHandler ~ Cast to number failed for value "i" (type string) at path "year" for model "AcademicSemester"
Fri Jun 09 2023, 10:20:20 [WS] => error 🚀 globalErrorHandler ~ [
  {
    "received": "Fa;;",
    "code": "invalid_enum_value",
    "options": [
      "Autumn",
      "Summer",
      "Fall"
    ],
    "path": [
      "body",
      "title"
    ],
    "message": "Invalid enum value. Expected 'Autumn' | 'Summer' | 'Fall', received 'Fa;;'"
  }
]
