{
  service: 'user-service',
  issues: [
    {
      received: 'Jun',
      code: 'invalid_enum_value',
      options: [
        'January',   'February',
        'March',     'April',
        'May',       'June',
        'July',      'August',
        'September', 'October',
        'November',  'December'
      ],
      path: [ 'body', 'startMonth' ],
      message: "Invalid enum value. Expected 'January' | 'February' | 'March' | 'April' | 'May' | 'June' | 'July' | 'August' | 'September' | 'October' | 'November' | 'December', received 'Jun'"
    }
  ],
  addIssue: [Function (anonymous)],
  addIssues: [Function (anonymous)],
  name: 'ZodError',
  level: 'error',
  message: '🚀 globalErrorHandler ~ [\n' +
    '  {\n' +
    '    "received": "Jun",\n' +
    '    "code": "invalid_enum_value",\n' +
    '    "options": [\n' +
    '      "January",\n' +
    '      "February",\n' +
    '      "March",\n' +
    '      "April",\n' +
    '      "May",\n' +
    '      "June",\n' +
    '      "July",\n' +
    '      "August",\n' +
    '      "September",\n' +
    '      "October",\n' +
    '      "November",\n' +
    '      "December"\n' +
    '    ],\n' +
    '    "path": [\n' +
    '      "body",\n' +
    '      "startMonth"\n' +
    '    ],\n' +
    `    "message": "Invalid enum value. Expected 'January' | 'February' | 'March' | 'April' | 'May' | 'June' | 'July' | 'August' | 'September' | 'October' | 'November' | 'December', received 'Jun'"\n` +
    '  }\n' +
    ']',
  stack: 'ZodError: [\n' +
    '  {\n' +
    '    "received": "Jun",\n' +
    '    "code": "invalid_enum_value",\n' +
    '    "options": [\n' +
    '      "January",\n' +
    '      "February",\n' +
    '      "March",\n' +
    '      "April",\n' +
    '      "May",\n' +
    '      "June",\n' +
    '      "July",\n' +
    '      "August",\n' +
    '      "September",\n' +
    '      "October",\n' +
    '      "November",\n' +
    '      "December"\n' +
    '    ],\n' +
    '    "path": [\n' +
    '      "body",\n' +
    '      "startMonth"\n' +
    '    ],\n' +
    `    "message": "Invalid enum value. Expected 'January' | 'February' | 'March' | 'April' | 'May' | 'June' | 'July' | 'August' | 'September' | 'October' | 'November' | 'December', received 'Jun'"\n` +
    '  }\n' +
    ']\n' +
    '    at Object.get error [as error] (E:\\university-management\\node_modules\\zod\\lib\\types.js:43:31)\n' +
    '    at ZodObject.parseAsync (E:\\university-management\\node_modules\\zod\\lib\\types.js:164:22)\n' +
    '    at processTicksAndRejections (node:internal/process/task_queues:95:5)',
  label: 'Tanvir',
  timestamp: '2023-06-05T10:52:46.841Z'
}
